0,0,0,28,91
0,1,0,29,110
0,2,0,57,105
0,3,0,92,100
0,4,0,77,99
0,5,0,98,92
0,6,1,81,106
2,29,110
3,1
4,6,52
0,7,0,64,96
0,8,0,40,100
0,9,0,62,97
0,10,0,62,96
0,11,0,77,98
1,0
0,13,0,81,107
2,52,106
3,6
4,13,29
0,14,1,93,101
2,29,107
3,13
4,14,64
2,57,105
3,2
4,14,7
1,12
0,16,0,58,96
1,2
0,18,0,63,105
2,7,101
3,14
4,18,56
0,19,0,83,90
1,7
0,21,1,87,103
2,56,105
3,18
4,21,31
1,1
0,23,0,48,99
1,17
0,25,0,35,94
0,26,0,13,95
0,27,0,80,96
0,28,0,99,93
0,29,0,88,102
0,30,1,73,93
2,73,102
3,30
4,29,15
1,14
0,32,1,36,108
1,13
1,32
1,1
1,6
0,37,1,47,95
2,15,102
3,29
4,37,32
2,32,100
3,37
4,3,60
1,10
1,25
0,40,0,36,96
1,8
1,38
1,16
1,3
1,41
0,46,1,25,103
1,4
0,48,0,91,93
1,31
0,50,1,62,97
2,48,99
3,23
4,50,14
2,14,98
3,50
4,11,63
1,32
0,52,1,53,108
1,37
0,54,0,100,100
0,55,1,92,100
2,92,100
3,55
4,54,8
1,4
1,22
1,41
0,59,1,55,97
2,8,100
3,54
4,59,47
2,47,98
3,59
4,11,16
0,60,1,43,102
1,39
1,21
1,59
1,13
0,65,1,38,109
1,59
0,67,1,46,102
1,0
0,69,1,15,95
2,15,98
3,69
4,11,1
0,70,0,66,94
0,71,1,99,102
0,72,0,67,97
0,73,0,51,100
0,74,1,86,95
2,51,100
3,73
4,74,35
2,1,98
3,11
4,74,34
2,34,97
3,74
4,9,28
0,75,1,54,92
2,28,97
3,9
4,75,26
2,26,97
3,75
4,72,41
1,33
0,77,1,95,110
0,78,0,63,102
2,43,102
3,60
4,78,20
2,20,102
3,78
4,67,26
0,79,0,13,100
1,1
1,66
1,19
1,1
1,45
1,13
0,86,1,39,106
0,87,0,80,90
0,88,1,100,91
2,13,100
3,79
4,88,87
2,41,97
3,72
4,88,46
2,46,96
3,88
4,27,34
1,59
1,76
1,18
1,86
1,20
1,78
1,38
0,96,0,27,91
0,97,1,76,94
2,34,96
3,27
4,97,42
2,36,96
3,40
4,97,6
2,6,95
3,97
4,26,7
1,1
0,99,1,80,95
2,7,95
3,26
4,99,73
